Determining if the pthread_create exist failed with the following output:
Change Dir: /home/victor/software/v4r/build/CMakeFiles/CMakeTmp

Run Build Command:"/usr/bin/make" "cmTC_261ba/fast"
/usr/bin/make -f CMakeFiles/cmTC_261ba.dir/build.make CMakeFiles/cmTC_261ba.dir/build
make[1]: Entering directory '/home/victor/software/v4r/build/CMakeFiles/CMakeTmp'
Building C object CMakeFiles/cmTC_261ba.dir/CheckSymbolExists.c.o
/usr/bin/cc     -o CMakeFiles/cmTC_261ba.dir/CheckSymbolExists.c.o   -c /home/victor/software/v4r/build/CMakeFiles/CMakeTmp/CheckSymbolExists.c
Linking C executable cmTC_261ba
/usr/bin/cmake -E cmake_link_script CMakeFiles/cmTC_261ba.dir/link.txt --verbose=1
/usr/bin/cc       CMakeFiles/cmTC_261ba.dir/CheckSymbolExists.c.o  -o cmTC_261ba 
CMakeFiles/cmTC_261ba.dir/CheckSymbolExists.c.o：在函数‘main’中：
CheckSymbolExists.c:(.text+0x16)：对‘pthread_create’未定义的引用
collect2: error: ld returned 1 exit status
CMakeFiles/cmTC_261ba.dir/build.make:97: recipe for target 'cmTC_261ba' failed
make[1]: *** [cmTC_261ba] Error 1
make[1]: Leaving directory '/home/victor/software/v4r/build/CMakeFiles/CMakeTmp'
Makefile:126: recipe for target 'cmTC_261ba/fast' failed
make: *** [cmTC_261ba/fast] Error 2

File /home/victor/software/v4r/build/CMakeFiles/CMakeTmp/CheckSymbolExists.c:
/* */
#include <pthread.h>

int main(int argc, char** argv)
{
  (void)argv;
#ifndef pthread_create
  return ((int*)(&pthread_create))[argc];
#else
  (void)argc;
  return 0;
#endif
}

Determining if the function pthread_create exists in the pthreads failed with the following output:
Change Dir: /home/victor/software/v4r/build/CMakeFiles/CMakeTmp

Run Build Command:"/usr/bin/make" "cmTC_b7de9/fast"
/usr/bin/make -f CMakeFiles/cmTC_b7de9.dir/build.make CMakeFiles/cmTC_b7de9.dir/build
make[1]: Entering directory '/home/victor/software/v4r/build/CMakeFiles/CMakeTmp'
Building C object CMakeFiles/cmTC_b7de9.dir/CheckFunctionExists.c.o
/usr/bin/cc    -DCHECK_FUNCTION_EXISTS=pthread_create   -o CMakeFiles/cmTC_b7de9.dir/CheckFunctionExists.c.o   -c /usr/share/cmake-3.5/Modules/CheckFunctionExists.c
Linking C executable cmTC_b7de9
/usr/bin/cmake -E cmake_link_script CMakeFiles/cmTC_b7de9.dir/link.txt --verbose=1
/usr/bin/cc   -DCHECK_FUNCTION_EXISTS=pthread_create    CMakeFiles/cmTC_b7de9.dir/CheckFunctionExists.c.o  -o cmTC_b7de9 -lpthreads 
/usr/bin/ld: 找不到 -lpthreads
collect2: error: ld returned 1 exit status
CMakeFiles/cmTC_b7de9.dir/build.make:97: recipe for target 'cmTC_b7de9' failed
make[1]: *** [cmTC_b7de9] Error 1
make[1]: Leaving directory '/home/victor/software/v4r/build/CMakeFiles/CMakeTmp'
Makefile:126: recipe for target 'cmTC_b7de9/fast' failed
make: *** [cmTC_b7de9/fast] Error 2


Build output check failed:
    Regex: 'command line option .* is valid for .* but not for C\+\+'
    Output line: 'cc1plus: warning: command line option ‘-Wmissing-prototypes’ is valid for C/ObjC but not for C++'
Compilation failed:
    source file: '/home/victor/software/v4r/build/CMakeFiles/CMakeTmp/src.cxx'
    check option: ' -W -Wall -Werror=return-type -Werror=address -Werror=sequence-point -Wformat -Werror=format-security -Wmissing-declarations  -Wmissing-prototypes'
===== BUILD LOG =====
Change Dir: /home/victor/software/v4r/build/CMakeFiles/CMakeTmp

Run Build Command:"/usr/bin/make" "cmTC_bd3cc/fast"
/usr/bin/make -f CMakeFiles/cmTC_bd3cc.dir/build.make CMakeFiles/cmTC_bd3cc.dir/build
make[1]: Entering directory '/home/victor/software/v4r/build/CMakeFiles/CMakeTmp'
Building CXX object CMakeFiles/cmTC_bd3cc.dir/src.cxx.o
/usr/bin/c++     -fopenmp  -O3 -DNDEBUG   -W -Wall -Werror=return-type -Werror=address -Werror=sequence-point -Wformat -Werror=format-security -Wmissing-declarations -Wmissing-prototypes -o CMakeFiles/cmTC_bd3cc.dir/src.cxx.o -c /home/victor/software/v4r/build/CMakeFiles/CMakeTmp/src.cxx
cc1plus: warning: command line option ‘-Wmissing-prototypes’ is valid for C/ObjC but not for C++
/home/victor/software/v4r/build/CMakeFiles/CMakeTmp/src.cxx:1:0: warning: ignoring #pragma   [-Wunknown-pragmas]
 #pragma
 ^
Linking CXX executable cmTC_bd3cc
/usr/bin/cmake -E cmake_link_script CMakeFiles/cmTC_bd3cc.dir/link.txt --verbose=1
/usr/bin/c++     -fopenmp  -O3 -DNDEBUG     CMakeFiles/cmTC_bd3cc.dir/src.cxx.o  -o cmTC_bd3cc 
make[1]: Leaving directory '/home/victor/software/v4r/build/CMakeFiles/CMakeTmp'

===== END =====

Build output check failed:
    Regex: 'command line option .* is valid for .* but not for C\+\+'
    Output line: 'cc1plus: warning: command line option ‘-Wstrict-prototypes’ is valid for C/ObjC but not for C++'
Compilation failed:
    source file: '/home/victor/software/v4r/build/CMakeFiles/CMakeTmp/src.cxx'
    check option: ' -W -Wall -Werror=return-type -Werror=address -Werror=sequence-point -Wformat -Werror=format-security -Wmissing-declarations  -Wstrict-prototypes'
===== BUILD LOG =====
Change Dir: /home/victor/software/v4r/build/CMakeFiles/CMakeTmp

Run Build Command:"/usr/bin/make" "cmTC_1417e/fast"
/usr/bin/make -f CMakeFiles/cmTC_1417e.dir/build.make CMakeFiles/cmTC_1417e.dir/build
make[1]: Entering directory '/home/victor/software/v4r/build/CMakeFiles/CMakeTmp'
Building CXX object CMakeFiles/cmTC_1417e.dir/src.cxx.o
/usr/bin/c++     -fopenmp  -O3 -DNDEBUG   -W -Wall -Werror=return-type -Werror=address -Werror=sequence-point -Wformat -Werror=format-security -Wmissing-declarations -Wstrict-prototypes -o CMakeFiles/cmTC_1417e.dir/src.cxx.o -c /home/victor/software/v4r/build/CMakeFiles/CMakeTmp/src.cxx
cc1plus: warning: command line option ‘-Wstrict-prototypes’ is valid for C/ObjC but not for C++
/home/victor/software/v4r/build/CMakeFiles/CMakeTmp/src.cxx:1:0: warning: ignoring #pragma   [-Wunknown-pragmas]
 #pragma
 ^
Linking CXX executable cmTC_1417e
/usr/bin/cmake -E cmake_link_script CMakeFiles/cmTC_1417e.dir/link.txt --verbose=1
/usr/bin/c++     -fopenmp  -O3 -DNDEBUG     CMakeFiles/cmTC_1417e.dir/src.cxx.o  -o cmTC_1417e 
make[1]: Leaving directory '/home/victor/software/v4r/build/CMakeFiles/CMakeTmp'

===== END =====

Build output check failed:
    Regex: 'command line option .* is valid for .* but not for C'
    Output line: 'cc1: warning: command line option ‘-Wsign-promo’ is valid for C++/ObjC++ but not for C'
Compilation failed:
    source file: '/home/victor/software/v4r/build/CMakeFiles/CMakeTmp/src.c'
    check option: ' -W -Wall -Werror=return-type -Werror=address -Werror=sequence-point -Wformat -Werror=format-security -Wmissing-declarations -Wmissing-prototypes -Wstrict-prototypes -Winit-self -Wpointer-arith  -Wsign-promo'
===== BUILD LOG =====
Change Dir: /home/victor/software/v4r/build/CMakeFiles/CMakeTmp

Run Build Command:"/usr/bin/make" "cmTC_0d6bf/fast"
/usr/bin/make -f CMakeFiles/cmTC_0d6bf.dir/build.make CMakeFiles/cmTC_0d6bf.dir/build
make[1]: Entering directory '/home/victor/software/v4r/build/CMakeFiles/CMakeTmp'
Building C object CMakeFiles/cmTC_0d6bf.dir/src.c.o
/usr/bin/cc    -fopenmp  -O3 -DNDEBUG   -W -Wall -Werror=return-type -Werror=address -Werror=sequence-point -Wformat -Werror=format-security -Wmissing-declarations -Wmissing-prototypes -Wstrict-prototypes -Winit-self -Wpointer-arith -Wsign-promo -o CMakeFiles/cmTC_0d6bf.dir/src.c.o   -c /home/victor/software/v4r/build/CMakeFiles/CMakeTmp/src.c
cc1: warning: command line option ‘-Wsign-promo’ is valid for C++/ObjC++ but not for C
/home/victor/software/v4r/build/CMakeFiles/CMakeTmp/src.c:1:0: warning: ignoring #pragma   [-Wunknown-pragmas]
 #pragma
 ^
Linking C executable cmTC_0d6bf
/usr/bin/cmake -E cmake_link_script CMakeFiles/cmTC_0d6bf.dir/link.txt --verbose=1
/usr/bin/cc    -fopenmp  -O3 -DNDEBUG     CMakeFiles/cmTC_0d6bf.dir/src.c.o  -o cmTC_0d6bf 
make[1]: Leaving directory '/home/victor/software/v4r/build/CMakeFiles/CMakeTmp'

===== END =====

Build output check failed:
    Regex: 'command line option .* is valid for .* but not for C'
    Output line: 'cc1: warning: command line option ‘-Wno-delete-non-virtual-dtor’ is valid for C++/ObjC++ but not for C'
Compilation failed:
    source file: '/home/victor/software/v4r/build/CMakeFiles/CMakeTmp/src.c'
    check option: ' -W -Wall -Werror=return-type -Werror=address -Werror=sequence-point -Wformat -Werror=format-security -Wmissing-declarations -Wmissing-prototypes -Wstrict-prototypes -Winit-self -Wpointer-arith -Wno-narrowing  -Wno-delete-non-virtual-dtor'
===== BUILD LOG =====
Change Dir: /home/victor/software/v4r/build/CMakeFiles/CMakeTmp

Run Build Command:"/usr/bin/make" "cmTC_5cebe/fast"
/usr/bin/make -f CMakeFiles/cmTC_5cebe.dir/build.make CMakeFiles/cmTC_5cebe.dir/build
make[1]: Entering directory '/home/victor/software/v4r/build/CMakeFiles/CMakeTmp'
Building C object CMakeFiles/cmTC_5cebe.dir/src.c.o
/usr/bin/cc    -fopenmp  -O3 -DNDEBUG   -W -Wall -Werror=return-type -Werror=address -Werror=sequence-point -Wformat -Werror=format-security -Wmissing-declarations -Wmissing-prototypes -Wstrict-prototypes -Winit-self -Wpointer-arith -Wno-narrowing -Wno-delete-non-virtual-dtor -o CMakeFiles/cmTC_5cebe.dir/src.c.o   -c /home/victor/software/v4r/build/CMakeFiles/CMakeTmp/src.c
cc1: warning: command line option ‘-Wno-delete-non-virtual-dtor’ is valid for C++/ObjC++ but not for C
/home/victor/software/v4r/build/CMakeFiles/CMakeTmp/src.c:1:0: warning: ignoring #pragma   [-Wunknown-pragmas]
 #pragma
 ^
Linking C executable cmTC_5cebe
/usr/bin/cmake -E cmake_link_script CMakeFiles/cmTC_5cebe.dir/link.txt --verbose=1
/usr/bin/cc    -fopenmp  -O3 -DNDEBUG     CMakeFiles/cmTC_5cebe.dir/src.c.o  -o cmTC_5cebe 
make[1]: Leaving directory '/home/victor/software/v4r/build/CMakeFiles/CMakeTmp'

===== END =====

Build output check failed:
    Regex: 'unrecognized .*option'
    Output line: 'cc1plus: warning: unrecognized command line option ‘-Wno-unnamed-type-template-args’'
Compilation failed:
    source file: '/home/victor/software/v4r/build/CMakeFiles/CMakeTmp/src.cxx'
    check option: ' -W -Wall -Werror=return-type -Werror=address -Werror=sequence-point -Wformat -Werror=format-security -Wmissing-declarations -Winit-self -Wpointer-arith -Wsign-promo -Wno-narrowing -Wno-delete-non-virtual-dtor  -Wno-unnamed-type-template-args'
===== BUILD LOG =====
Change Dir: /home/victor/software/v4r/build/CMakeFiles/CMakeTmp

Run Build Command:"/usr/bin/make" "cmTC_0b54f/fast"
/usr/bin/make -f CMakeFiles/cmTC_0b54f.dir/build.make CMakeFiles/cmTC_0b54f.dir/build
make[1]: Entering directory '/home/victor/software/v4r/build/CMakeFiles/CMakeTmp'
Building CXX object CMakeFiles/cmTC_0b54f.dir/src.cxx.o
/usr/bin/c++     -fopenmp  -O3 -DNDEBUG   -W -Wall -Werror=return-type -Werror=address -Werror=sequence-point -Wformat -Werror=format-security -Wmissing-declarations -Winit-self -Wpointer-arith -Wsign-promo -Wno-narrowing -Wno-delete-non-virtual-dtor -Wno-unnamed-type-template-args -o CMakeFiles/cmTC_0b54f.dir/src.cxx.o -c /home/victor/software/v4r/build/CMakeFiles/CMakeTmp/src.cxx
/home/victor/software/v4r/build/CMakeFiles/CMakeTmp/src.cxx:1:0: warning: ignoring #pragma   [-Wunknown-pragmas]
 #pragma
 ^
cc1plus: warning: unrecognized command line option ‘-Wno-unnamed-type-template-args’
Linking CXX executable cmTC_0b54f
/usr/bin/cmake -E cmake_link_script CMakeFiles/cmTC_0b54f.dir/link.txt --verbose=1
/usr/bin/c++     -fopenmp  -O3 -DNDEBUG     CMakeFiles/cmTC_0b54f.dir/src.cxx.o  -o cmTC_0b54f 
make[1]: Leaving directory '/home/victor/software/v4r/build/CMakeFiles/CMakeTmp'

===== END =====

Build output check failed:
    Regex: 'unrecognized .*option'
    Output line: 'cc1: warning: unrecognized command line option ‘-Wno-unnamed-type-template-args’'
Compilation failed:
    source file: '/home/victor/software/v4r/build/CMakeFiles/CMakeTmp/src.c'
    check option: ' -W -Wall -Werror=return-type -Werror=address -Werror=sequence-point -Wformat -Werror=format-security -Wmissing-declarations -Wmissing-prototypes -Wstrict-prototypes -Winit-self -Wpointer-arith -Wno-narrowing  -Wno-unnamed-type-template-args'
===== BUILD LOG =====
Change Dir: /home/victor/software/v4r/build/CMakeFiles/CMakeTmp

Run Build Command:"/usr/bin/make" "cmTC_d0664/fast"
/usr/bin/make -f CMakeFiles/cmTC_d0664.dir/build.make CMakeFiles/cmTC_d0664.dir/build
make[1]: Entering directory '/home/victor/software/v4r/build/CMakeFiles/CMakeTmp'
Building C object CMakeFiles/cmTC_d0664.dir/src.c.o
/usr/bin/cc    -fopenmp  -O3 -DNDEBUG   -W -Wall -Werror=return-type -Werror=address -Werror=sequence-point -Wformat -Werror=format-security -Wmissing-declarations -Wmissing-prototypes -Wstrict-prototypes -Winit-self -Wpointer-arith -Wno-narrowing -Wno-unnamed-type-template-args -o CMakeFiles/cmTC_d0664.dir/src.c.o   -c /home/victor/software/v4r/build/CMakeFiles/CMakeTmp/src.c
/home/victor/software/v4r/build/CMakeFiles/CMakeTmp/src.c:1:0: warning: ignoring #pragma   [-Wunknown-pragmas]
 #pragma
 ^
cc1: warning: unrecognized command line option ‘-Wno-unnamed-type-template-args’
Linking C executable cmTC_d0664
/usr/bin/cmake -E cmake_link_script CMakeFiles/cmTC_d0664.dir/link.txt --verbose=1
/usr/bin/cc    -fopenmp  -O3 -DNDEBUG     CMakeFiles/cmTC_d0664.dir/src.c.o  -o cmTC_d0664 
make[1]: Leaving directory '/home/victor/software/v4r/build/CMakeFiles/CMakeTmp'

===== END =====

Build output check failed:
    Regex: 'command line option .* is valid for .* but not for C'
    Output line: 'cc1: warning: command line option ‘-fvisibility-inlines-hidden’ is valid for C++/ObjC++ but not for C'
Compilation failed:
    source file: '/home/victor/software/v4r/build/CMakeFiles/CMakeTmp/src.c'
    check option: ' -W -Wall -Werror=return-type -Werror=address -Werror=sequence-point -Wformat -Werror=format-security -Wmissing-declarations -Wmissing-prototypes -Wstrict-prototypes -Winit-self -Wpointer-arith -Wno-narrowing -fdiagnostics-show-option -Wno-long-long -pthread -fomit-frame-pointer -msse -msse2 -mno-avx -msse3 -mssse3 -msse4.1 -msse4.2 -ffunction-sections -fvisibility=hidden  -fvisibility-inlines-hidden'
===== BUILD LOG =====
Change Dir: /home/victor/software/v4r/build/CMakeFiles/CMakeTmp

Run Build Command:"/usr/bin/make" "cmTC_c0275/fast"
/usr/bin/make -f CMakeFiles/cmTC_c0275.dir/build.make CMakeFiles/cmTC_c0275.dir/build
make[1]: Entering directory '/home/victor/software/v4r/build/CMakeFiles/CMakeTmp'
Building C object CMakeFiles/cmTC_c0275.dir/src.c.o
/usr/bin/cc    -fopenmp  -O3 -DNDEBUG   -W -Wall -Werror=return-type -Werror=address -Werror=sequence-point -Wformat -Werror=format-security -Wmissing-declarations -Wmissing-prototypes -Wstrict-prototypes -Winit-self -Wpointer-arith -Wno-narrowing -fdiagnostics-show-option -Wno-long-long -pthread -fomit-frame-pointer -msse -msse2 -mno-avx -msse3 -mssse3 -msse4.1 -msse4.2 -ffunction-sections -fvisibility=hidden -fvisibility-inlines-hidden -o CMakeFiles/cmTC_c0275.dir/src.c.o   -c /home/victor/software/v4r/build/CMakeFiles/CMakeTmp/src.c
cc1: warning: command line option ‘-fvisibility-inlines-hidden’ is valid for C++/ObjC++ but not for C
/home/victor/software/v4r/build/CMakeFiles/CMakeTmp/src.c:1:0: warning: ignoring #pragma   [-Wunknown-pragmas]
 #pragma
 ^
Linking C executable cmTC_c0275
/usr/bin/cmake -E cmake_link_script CMakeFiles/cmTC_c0275.dir/link.txt --verbose=1
/usr/bin/cc    -fopenmp  -O3 -DNDEBUG     CMakeFiles/cmTC_c0275.dir/src.c.o  -o cmTC_c0275 
make[1]: Leaving directory '/home/victor/software/v4r/build/CMakeFiles/CMakeTmp'

===== END =====

Determining if the system is big endian passed with the following output:
Change Dir: /home/victor/software/v4r/build/CMakeFiles/CMakeTmp

Run Build Command:"/usr/bin/make" "cmTC_cbe64/fast"
/usr/bin/make -f CMakeFiles/cmTC_cbe64.dir/build.make CMakeFiles/cmTC_cbe64.dir/build
make[1]: Entering directory '/home/victor/software/v4r/build/CMakeFiles/CMakeTmp'
Building C object CMakeFiles/cmTC_cbe64.dir/TestEndianess.c.o
/usr/bin/cc    -fopenmp   -W -Wall -Werror=return-type -Werror=address -Werror=sequence-point -Wformat -Werror=format-security -Wmissing-declarations -Wmissing-prototypes -Wstrict-prototypes -Winit-self -Wpointer-arith -Wno-narrowing -fdiagnostics-show-option -Wno-long-long -pthread -fomit-frame-pointer -msse -msse2 -mno-avx -msse3 -mssse3 -msse4.1 -msse4.2 -ffunction-sections -fvisibility=hidden  -O3 -DNDEBUG   -o CMakeFiles/cmTC_cbe64.dir/TestEndianess.c.o   -c /home/victor/software/v4r/build/CMakeFiles/CMakeTmp/TestEndianess.c
Linking C executable cmTC_cbe64
/usr/bin/cmake -E cmake_link_script CMakeFiles/cmTC_cbe64.dir/link.txt --verbose=1
/usr/bin/cc    -fopenmp   -W -Wall -Werror=return-type -Werror=address -Werror=sequence-point -Wformat -Werror=format-security -Wmissing-declarations -Wmissing-prototypes -Wstrict-prototypes -Winit-self -Wpointer-arith -Wno-narrowing -fdiagnostics-show-option -Wno-long-long -pthread -fomit-frame-pointer -msse -msse2 -mno-avx -msse3 -mssse3 -msse4.1 -msse4.2 -ffunction-sections -fvisibility=hidden  -O3 -DNDEBUG      CMakeFiles/cmTC_cbe64.dir/TestEndianess.c.o  -o cmTC_cbe64 
make[1]: Leaving directory '/home/victor/software/v4r/build/CMakeFiles/CMakeTmp'

TestEndianess.c:
/* A 16 bit integer is required. */
typedef unsigned short cmakeint16;

/* On a little endian machine, these 16bit ints will give "THIS IS LITTLE ENDIAN."
   On a big endian machine the characters will be exchanged pairwise. */
const cmakeint16 info_little[] =  {0x4854, 0x5349, 0x4920, 0x2053, 0x494c, 0x5454, 0x454c, 0x4520, 0x444e, 0x4149, 0x2e4e, 0x0000};

/* on a big endian machine, these 16bit ints will give "THIS IS BIG ENDIAN."
   On a little endian machine the characters will be exchanged pairwise. */
const cmakeint16 info_big[] =     {0x5448, 0x4953, 0x2049, 0x5320, 0x4249, 0x4720, 0x454e, 0x4449, 0x414e, 0x2e2e, 0x0000};

#ifdef __CLASSIC_C__
int main(argc, argv) int argc; char *argv[];
#else
int main(int argc, char *argv[])
#endif
{
  int require = 0;
  require += info_little[argc];
  require += info_big[argc];
  (void)argv;
  return require;
}


